<?xml version="1.0" encoding="UTF-8"?>
<testsuite name="org.test.WebPageTest" tests="1" skipped="0" failures="0" errors="0" timestamp="2025-06-05T15:42:13.409Z" hostname="LAPTOP-T1U2H9EU" time="0.034">
  <properties/>
  <testcase name="titleValidationTest" classname="org.test.WebPageTest" time="0.034"/>
  <system-out><![CDATA[]]></system-out>
  <system-err><![CDATA[]]></system-err>
</testsuite>
